[0.391s] Invoking command in '/home/ice/polaris-bot/ros2_ws/build/polaris_controller': CMAKE_PREFIX_PATH=/home/ice/polaris-bot/ros2_ws/install/ros2_control_demo_description:/home/ice/polaris-bot/ros2_ws/install/messages:/home/ice/polaris-bot/ros2_ws/install/services:/home/ice/polaris-bot/ros2_ws/install/polaris_controller:/home/ice/polaris-bot/ros2_ws/install/my_diff_drive_bot:/opt/ros/humble LD_LIBRARY_PATH=/home/ice/polaris-bot/ros2_ws/install/messages/lib:/home/ice/polaris-bot/ros2_ws/install/services/lib:/home/ice/polaris-bot/ros2_ws/install/polaris_controller/lib:/usr/lib/x86_64-linux-gnu/gazebo-11/plugins:/opt/ros/humble/opt/rviz_ogre_vendor/lib:/opt/ros/humble/lib/x86_64-linux-gnu:/opt/ros/humble/lib /usr/bin/cmake --build /home/ice/polaris-bot/ros2_ws/build/polaris_controller -- -j2 -l2
[0.599s] [35m[1mConsolidate compiler generated dependencies of target polaris_controller[0m
[0.703s] [ 50%] [32mBuilding CXX object CMakeFiles/polaris_controller.dir/hardware/polaris_system.cpp.o[0m
[8.889s] [01m[K/home/ice/polaris-bot/ros2_ws/src/polaris_controller/hardware/polaris_system.cpp:[m[K In member function â€˜[01m[Kvirtual hardware_interface::CallbackReturn polaris_controller::PolarisSystemHardware::on_init(const hardware_interface::HardwareInfo&)[m[Kâ€™:
[8.890s] [01m[K/home/ice/polaris-bot/ros2_ws/src/polaris_controller/hardware/polaris_system.cpp:78:3:[m[K [01;31m[Kerror: [m[Kâ€˜[01m[Kcmd_vel_publisher_[m[Kâ€™ was not declared in this scope
[8.890s]    78 |   [01;31m[Kcmd_vel_publisher_[m[K = node_->create_publisher<messages::msg::MotorRobotSpeed>(
[8.890s]       |   [01;31m[K^~~~~~~~~~~~~~~~~~[m[K
[8.923s] [01m[K/home/ice/polaris-bot/ros2_ws/src/polaris_controller/hardware/polaris_system.cpp:79:7:[m[K [01;31m[Kerror: [m[Kâ€˜[01m[Kget_hardware_parameter[m[Kâ€™ was not declared in this scope
[8.923s]    79 |       [01;31m[Kget_hardware_parameter[m[K("joint_commands_topic", "/robot_joint_commands"), rclcpp::QoS(1));
[8.924s]       |       [01;31m[K^~~~~~~~~~~~~~~~~~~~~~[m[K
[8.955s] [01m[K/home/ice/polaris-bot/ros2_ws/src/polaris_controller/hardware/polaris_system.cpp:80:3:[m[K [01;31m[Kerror: [m[Kâ€˜[01m[Ktopic_based_joint_states_subscriber_[m[Kâ€™ was not declared in this scope
[8.955s]    80 |   [01;31m[Ktopic_based_joint_states_subscriber_[m[K = node_->create_subscription<messages::msg::EncoderFeedBack>(
[8.955s]       |   [01;31m[K^~~~~~~~~~~~~~~~~~~~~~~~~~~~~~~~~~~~[m[K
[8.972s] [01m[K/home/ice/polaris-bot/ros2_ws/src/polaris_controller/hardware/polaris_system.cpp:[m[K In lambda function:
[8.973s] [01m[K/home/ice/polaris-bot/ros2_ws/src/polaris_controller/hardware/polaris_system.cpp:82:84:[m[K [01;31m[Kerror: [m[Kâ€˜[01m[Kenc[m[Kâ€™ was not declared in this scope
[8.973s]    82 |       [this](const messages::msg::EncoderFeedBack::SharedPtr encoder_feed_back_) { [01;31m[Kenc[m[K = *encoder_feed_back_; });
[8.973s]       |                                                                                    [01;31m[K^~~[m[K
[9.029s] [01m[K/home/ice/polaris-bot/ros2_ws/src/polaris_controller/hardware/polaris_system.cpp:[m[K In member function â€˜[01m[Kvirtual hardware_interface::return_type polaris_controller::PolarisSystemHardware::read(const rclcpp::Time&, const rclcpp::Duration&)[m[Kâ€™:
[9.030s] [01m[K/home/ice/polaris-bot/ros2_ws/src/polaris_controller/hardware/polaris_system.cpp:212:22:[m[K [01;31m[Kerror: [m[Kâ€˜[01m[Kenc[m[Kâ€™ was not declared in this scope
[9.030s]   212 |   hw_positions_[0] = [01;31m[Kenc[m[K * 0.5; // rads per count
[9.030s]       |                      [01;31m[K^~~[m[K
[9.031s] [01m[K/home/ice/polaris-bot/ros2_ws/src/polaris_controller/hardware/polaris_system.cpp:215:10:[m[K [01;31m[Kerror: [m[Kredeclaration of â€˜[01m[Kdouble pos_prev[m[Kâ€™
[9.031s]   215 |   double [01;31m[Kpos_prev[m[K = hw_positions_[1];
[9.031s]       |          [01;31m[K^~~~~~~~[m[K
[9.031s] [01m[K/home/ice/polaris-bot/ros2_ws/src/polaris_controller/hardware/polaris_system.cpp:211:10:[m[K [01;36m[Knote: [m[Kâ€˜[01m[Kdouble pos_prev[m[Kâ€™ previously declared here
[9.031s]   211 |   double [01;36m[Kpos_prev[m[K = hw_positions_[0];
[9.031s]       |          [01;36m[K^~~~~~~~[m[K
[9.062s] [01m[K/home/ice/polaris-bot/ros2_ws/src/polaris_controller/hardware/polaris_system.cpp:[m[K In member function â€˜[01m[Kvirtual hardware_interface::return_type polaris_controller::PolarisSystemHardware::write(const rclcpp::Time&, const rclcpp::Duration&)[m[Kâ€™:
[9.063s] [01m[K/home/ice/polaris-bot/ros2_ws/src/polaris_controller/hardware/polaris_system.cpp:229:3:[m[K [01;31m[Kerror: [m[Kâ€˜[01m[Ktopic_based_joint_commands_publisher_[m[Kâ€™ was not declared in this scope
[9.063s]   229 |   [01;31m[Ktopic_based_joint_commands_publisher_[m[K->publish(message);
[9.063s]       |   [01;31m[K^~~~~~~~~~~~~~~~~~~~~~~~~~~~~~~~~~~~~[m[K
[10.906s] gmake[2]: *** [CMakeFiles/polaris_controller.dir/build.make:76: CMakeFiles/polaris_controller.dir/hardware/polaris_system.cpp.o] Error 1
[10.907s] gmake[1]: *** [CMakeFiles/Makefile2:137: CMakeFiles/polaris_controller.dir/all] Error 2
[10.911s] gmake: *** [Makefile:146: all] Error 2
[10.929s] Invoked command in '/home/ice/polaris-bot/ros2_ws/build/polaris_controller' returned '2': CMAKE_PREFIX_PATH=/home/ice/polaris-bot/ros2_ws/install/ros2_control_demo_description:/home/ice/polaris-bot/ros2_ws/install/messages:/home/ice/polaris-bot/ros2_ws/install/services:/home/ice/polaris-bot/ros2_ws/install/polaris_controller:/home/ice/polaris-bot/ros2_ws/install/my_diff_drive_bot:/opt/ros/humble LD_LIBRARY_PATH=/home/ice/polaris-bot/ros2_ws/install/messages/lib:/home/ice/polaris-bot/ros2_ws/install/services/lib:/home/ice/polaris-bot/ros2_ws/install/polaris_controller/lib:/usr/lib/x86_64-linux-gnu/gazebo-11/plugins:/opt/ros/humble/opt/rviz_ogre_vendor/lib:/opt/ros/humble/lib/x86_64-linux-gnu:/opt/ros/humble/lib /usr/bin/cmake --build /home/ice/polaris-bot/ros2_ws/build/polaris_controller -- -j2 -l2
