[0.187s] Invoking command in '/home/ice/polaris-bot/ros2_ws/build/polaris_controller': CMAKE_PREFIX_PATH=/home/ice/polaris-bot/ros2_ws/install/ros2_control_demo_description:/home/ice/polaris-bot/ros2_ws/install/messages:/home/ice/polaris-bot/ros2_ws/install/services:/home/ice/polaris-bot/ros2_ws/install/polaris_controller:/home/ice/polaris-bot/ros2_ws/install/my_diff_drive_bot:/opt/ros/humble LD_LIBRARY_PATH=/home/ice/polaris-bot/ros2_ws/install/messages/lib:/home/ice/polaris-bot/ros2_ws/install/services/lib:/home/ice/polaris-bot/ros2_ws/install/polaris_controller/lib:/usr/lib/x86_64-linux-gnu/gazebo-11/plugins:/opt/ros/humble/opt/rviz_ogre_vendor/lib:/opt/ros/humble/lib/x86_64-linux-gnu:/opt/ros/humble/lib /usr/bin/cmake --build /home/ice/polaris-bot/ros2_ws/build/polaris_controller -- -j2 -l2
[0.314s] [35m[1mConsolidate compiler generated dependencies of target polaris_controller[0m
[0.354s] [ 50%] [32mBuilding CXX object CMakeFiles/polaris_controller.dir/hardware/polaris_system.cpp.o[0m
[5.864s] [01m[K/home/ice/polaris-bot/ros2_ws/src/polaris_controller/hardware/polaris_system.cpp:[m[K In member function â€˜[01m[Kvirtual hardware_interface::return_type polaris_controller::PolarisSystemHardware::write(const rclcpp::Time&, const rclcpp::Duration&)[m[Kâ€™:
[5.864s] [01m[K/home/ice/polaris-bot/ros2_ws/src/polaris_controller/hardware/polaris_system.cpp:240:31:[m[K [01;31m[Kerror: [m[Kâ€˜[01m[Kx[m[Kâ€™ was not declared in this scope
[5.864s]   240 |   command.right_motor_speed = [01;31m[Kx[m[K/(2 * M_PI) * counts_per_rev_;
[5.864s]       |                               [01;31m[K^[m[K
[5.872s] [01m[K/home/ice/polaris-bot/ros2_ws/src/polaris_controller/hardware/polaris_system.cpp:241:30:[m[K [01;31m[Kerror: [m[Kâ€˜[01m[Ky[m[Kâ€™ was not declared in this scope; did you mean â€˜[01m[Kyn[m[Kâ€™?
[5.873s]   241 |   command.left_motor_speed = [01;31m[Ky[m[K/(2 * M_PI) * counts_per_rev_;
[5.873s]       |                              [01;31m[K^[m[K
[5.873s]       |                              [32m[Kyn[m[K
[13.041s] gmake[2]: *** [CMakeFiles/polaris_controller.dir/build.make:76: CMakeFiles/polaris_controller.dir/hardware/polaris_system.cpp.o] Error 1
[13.041s] gmake[1]: *** [CMakeFiles/Makefile2:137: CMakeFiles/polaris_controller.dir/all] Error 2
[13.041s] gmake: *** [Makefile:146: all] Error 2
[13.050s] Invoked command in '/home/ice/polaris-bot/ros2_ws/build/polaris_controller' returned '2': CMAKE_PREFIX_PATH=/home/ice/polaris-bot/ros2_ws/install/ros2_control_demo_description:/home/ice/polaris-bot/ros2_ws/install/messages:/home/ice/polaris-bot/ros2_ws/install/services:/home/ice/polaris-bot/ros2_ws/install/polaris_controller:/home/ice/polaris-bot/ros2_ws/install/my_diff_drive_bot:/opt/ros/humble LD_LIBRARY_PATH=/home/ice/polaris-bot/ros2_ws/install/messages/lib:/home/ice/polaris-bot/ros2_ws/install/services/lib:/home/ice/polaris-bot/ros2_ws/install/polaris_controller/lib:/usr/lib/x86_64-linux-gnu/gazebo-11/plugins:/opt/ros/humble/opt/rviz_ogre_vendor/lib:/opt/ros/humble/lib/x86_64-linux-gnu:/opt/ros/humble/lib /usr/bin/cmake --build /home/ice/polaris-bot/ros2_ws/build/polaris_controller -- -j2 -l2
