-- The CXX compiler identification is GNU 11.4.0
-- Detecting CXX compiler ABI info
-- Detecting CXX compiler ABI info - done
-- Check for working CXX compiler: /usr/bin/c++ - skipped
-- Detecting CXX compile features
-- Detecting CXX compile features - done
-- Found ament_cmake: 1.3.7 (/opt/ros/humble/share/ament_cmake/cmake)
-- Found Python3: /usr/bin/python3.10 (found version "3.10.12") found components: Interpreter 
-- Found hardware_interface: 2.37.0 (/opt/ros/humble/share/hardware_interface/cmake)
-- Found rosidl_generator_c: 3.1.5 (/opt/ros/humble/share/rosidl_generator_c/cmake)
-- Found rosidl_adapter: 3.1.5 (/opt/ros/humble/share/rosidl_adapter/cmake)
-- Found rosidl_generator_cpp: 3.1.5 (/opt/ros/humble/share/rosidl_generator_cpp/cmake)
-- Using all available rosidl_typesupport_c: rosidl_typesupport_fastrtps_c;rosidl_typesupport_introspection_c
-- Using all available rosidl_typesupport_cpp: rosidl_typesupport_fastrtps_cpp;rosidl_typesupport_introspection_cpp
-- Found rmw_implementation_cmake: 6.1.1 (/opt/ros/humble/share/rmw_implementation_cmake/cmake)
-- Found rmw_fastrtps_cpp: 6.2.6 (/opt/ros/humble/share/rmw_fastrtps_cpp/cmake)
-- Found TinyXML2 via Config file: TinyXML2_DIR-NOTFOUND
-- Found OpenSSL: /usr/lib/x86_64-linux-gnu/libcrypto.so (found version "3.0.2")  
-- Found TinyXML2 via Config file: TinyXML2_DIR-NOTFOUND
-- Found FastRTPS: /opt/ros/humble/include  
-- Found TinyXML2 via Config file: TinyXML2_DIR-NOTFOUND
-- Found TinyXML2 via Config file: TinyXML2_DIR-NOTFOUND
-- Using RMW implementation 'rmw_fastrtps_cpp' as default
-- Looking for C++ include pthread.h
-- Looking for C++ include pthread.h - found
-- Performing Test CMAKE_HAVE_LIBC_PTHREAD
-- Performing Test CMAKE_HAVE_LIBC_PTHREAD - Success
-- Found Threads: TRUE  
-- Found rclcpp_components: 16.0.8 (/opt/ros/humble/share/rclcpp_components/cmake)
-- Found rosidl_default_generators: 1.2.0 (/opt/ros/humble/share/rosidl_default_generators/cmake)
-- Found messages: 0.0.0 (/home/ice/polaris-bot/ros2_ws/install/messages/share/messages/cmake)
-- Found ament_cmake_pytest: 1.3.7 (/opt/ros/humble/share/ament_cmake_pytest/cmake)
-- Configuring done
-- Generating done
-- Build files have been written to: /home/ice/polaris-bot/ros2_ws/build/polaris_controller
[ 50%] [32mBuilding CXX object CMakeFiles/polaris_controller.dir/hardware/polaris_system.cpp.o[0m
[01m[K/home/ice/polaris-bot/ros2_ws/src/polaris_controller/hardware/polaris_system.cpp:[m[K In member function â€˜[01m[Kvirtual hardware_interface::return_type polaris_controller::PolarisSystemHardware::write(const rclcpp::Time&, const rclcpp::Duration&)[m[Kâ€™:
[01m[K/home/ice/polaris-bot/ros2_ws/src/polaris_controller/hardware/polaris_system.cpp:199:28:[m[K [01;31m[Kerror: [m[Kcannot convert â€˜[01m[K__gnu_cxx::__alloc_traits<std::allocator<double>, double>::value_type*[m[Kâ€™ {aka â€˜[01m[Kdouble*[m[Kâ€™} to â€˜[01m[Kdouble[m[Kâ€™
  199 |   hw_cmd_pub_->publishData(&hw_commands_[0], &hw_commands_[1]);  //publish to topic
[01m[K/home/ice/polaris-bot/ros2_ws/src/polaris_controller/hardware/polaris_system.cpp:38:45:[m[K [01;36m[Knote: [m[K  initializing argument 1 of â€˜[01m[Kvoid polaris_controller::HardwareCommandPub::publishData(double, double)[m[Kâ€™
   38 | void HardwareCommandPub::publishData([01;36m[Kdouble right_motor_speed[m[K, double left_motor_speed)
      |                                      [01;36m[K~~~~~~~^~~~~~~~~~~~~~~~~[m[K
gmake[2]: *** [CMakeFiles/polaris_controller.dir/build.make:76: CMakeFiles/polaris_controller.dir/hardware/polaris_system.cpp.o] Error 1
gmake[1]: *** [CMakeFiles/Makefile2:137: CMakeFiles/polaris_controller.dir/all] Error 2
gmake: *** [Makefile:146: all] Error 2
