[0.200s] Invoking command in '/home/ice/polaris-bot/ros2_ws/build/polaris_controller': AMENT_PREFIX_PATH=/home/ice/polaris-bot/ros2_ws/install/ros2_control_demo_description:/home/ice/polaris-bot/ros2_ws/install/messages:${AMENT_PREFIX_PATH} CMAKE_PREFIX_PATH=/home/ice/polaris-bot/ros2_ws/install/ros2_control_demo_description:/home/ice/polaris-bot/ros2_ws/install/messages:/opt/ros/humble LD_LIBRARY_PATH=/home/ice/polaris-bot/ros2_ws/install/messages/lib:${LD_LIBRARY_PATH} PYTHONPATH=/home/ice/polaris-bot/ros2_ws/install/messages/local/lib/python3.10/dist-packages:${PYTHONPATH} /usr/bin/cmake /home/ice/polaris-bot/ros2_ws/src/polaris_controller -DCMAKE_INSTALL_PREFIX=/home/ice/polaris-bot/ros2_ws/install/polaris_controller
[0.411s] -- The CXX compiler identification is GNU 11.4.0
[0.431s] -- Detecting CXX compiler ABI info
[0.630s] -- Detecting CXX compiler ABI info - done
[0.651s] -- Check for working CXX compiler: /usr/bin/c++ - skipped
[0.651s] -- Detecting CXX compile features
[0.652s] -- Detecting CXX compile features - done
[0.659s] -- Found ament_cmake: 1.3.7 (/opt/ros/humble/share/ament_cmake/cmake)
[1.053s] -- Found Python3: /usr/bin/python3.10 (found version "3.10.12") found components: Interpreter 
[1.270s] -- Found hardware_interface: 2.37.0 (/opt/ros/humble/share/hardware_interface/cmake)
[1.389s] -- Found rosidl_generator_c: 3.1.5 (/opt/ros/humble/share/rosidl_generator_c/cmake)
[1.411s] -- Found rosidl_adapter: 3.1.5 (/opt/ros/humble/share/rosidl_adapter/cmake)
[1.426s] -- Found rosidl_generator_cpp: 3.1.5 (/opt/ros/humble/share/rosidl_generator_cpp/cmake)
[1.454s] -- Using all available rosidl_typesupport_c: rosidl_typesupport_fastrtps_c;rosidl_typesupport_introspection_c
[1.493s] -- Using all available rosidl_typesupport_cpp: rosidl_typesupport_fastrtps_cpp;rosidl_typesupport_introspection_cpp
[3.033s] -- Found rmw_implementation_cmake: 6.1.1 (/opt/ros/humble/share/rmw_implementation_cmake/cmake)
[3.079s] -- Found rmw_fastrtps_cpp: 6.2.6 (/opt/ros/humble/share/rmw_fastrtps_cpp/cmake)
[3.197s] -- Found TinyXML2 via Config file: TinyXML2_DIR-NOTFOUND
[3.467s] -- Found OpenSSL: /usr/lib/x86_64-linux-gnu/libcrypto.so (found version "3.0.2")  
[3.473s] -- Found TinyXML2 via Config file: TinyXML2_DIR-NOTFOUND
[3.503s] -- Found FastRTPS: /opt/ros/humble/include  
[3.538s] -- Found TinyXML2 via Config file: TinyXML2_DIR-NOTFOUND
[3.557s] -- Found TinyXML2 via Config file: TinyXML2_DIR-NOTFOUND
[3.576s] -- Using RMW implementation 'rmw_fastrtps_cpp' as default
[3.599s] -- Looking for C++ include pthread.h
[3.848s] -- Looking for C++ include pthread.h - found
[3.849s] -- Performing Test CMAKE_HAVE_LIBC_PTHREAD
[4.048s] -- Performing Test CMAKE_HAVE_LIBC_PTHREAD - Success
[4.049s] -- Found Threads: TRUE  
[4.397s] -- Found rclcpp_components: 16.0.8 (/opt/ros/humble/share/rclcpp_components/cmake)
[4.507s] -- Found rosidl_default_generators: 1.2.0 (/opt/ros/humble/share/rosidl_default_generators/cmake)
[4.524s] -- Found messages: 0.0.0 (/home/ice/polaris-bot/ros2_ws/install/messages/share/messages/cmake)
[4.800s] -- Found ament_cmake_pytest: 1.3.7 (/opt/ros/humble/share/ament_cmake_pytest/cmake)
[6.241s] -- Configuring done
[6.323s] -- Generating done
[6.328s] -- Build files have been written to: /home/ice/polaris-bot/ros2_ws/build/polaris_controller
[6.362s] Invoked command in '/home/ice/polaris-bot/ros2_ws/build/polaris_controller' returned '0': AMENT_PREFIX_PATH=/home/ice/polaris-bot/ros2_ws/install/ros2_control_demo_description:/home/ice/polaris-bot/ros2_ws/install/messages:${AMENT_PREFIX_PATH} CMAKE_PREFIX_PATH=/home/ice/polaris-bot/ros2_ws/install/ros2_control_demo_description:/home/ice/polaris-bot/ros2_ws/install/messages:/opt/ros/humble LD_LIBRARY_PATH=/home/ice/polaris-bot/ros2_ws/install/messages/lib:${LD_LIBRARY_PATH} PYTHONPATH=/home/ice/polaris-bot/ros2_ws/install/messages/local/lib/python3.10/dist-packages:${PYTHONPATH} /usr/bin/cmake /home/ice/polaris-bot/ros2_ws/src/polaris_controller -DCMAKE_INSTALL_PREFIX=/home/ice/polaris-bot/ros2_ws/install/polaris_controller
[6.364s] Invoking command in '/home/ice/polaris-bot/ros2_ws/build/polaris_controller': AMENT_PREFIX_PATH=/home/ice/polaris-bot/ros2_ws/install/ros2_control_demo_description:/home/ice/polaris-bot/ros2_ws/install/messages:${AMENT_PREFIX_PATH} CMAKE_PREFIX_PATH=/home/ice/polaris-bot/ros2_ws/install/ros2_control_demo_description:/home/ice/polaris-bot/ros2_ws/install/messages:/opt/ros/humble LD_LIBRARY_PATH=/home/ice/polaris-bot/ros2_ws/install/messages/lib:${LD_LIBRARY_PATH} PYTHONPATH=/home/ice/polaris-bot/ros2_ws/install/messages/local/lib/python3.10/dist-packages:${PYTHONPATH} /usr/bin/cmake --build /home/ice/polaris-bot/ros2_ws/build/polaris_controller -- -j2 -l2
[6.494s] [ 50%] [32mBuilding CXX object CMakeFiles/polaris_controller.dir/hardware/polaris_system.cpp.o[0m
[12.711s] [01m[K/home/ice/polaris-bot/ros2_ws/src/polaris_controller/hardware/polaris_system.cpp:[m[K In member function â€˜[01m[Kvirtual hardware_interface::return_type polaris_controller::PolarisSystemHardware::write(const rclcpp::Time&, const rclcpp::Duration&)[m[Kâ€™:
[12.712s] [01m[K/home/ice/polaris-bot/ros2_ws/src/polaris_controller/hardware/polaris_system.cpp:199:28:[m[K [01;31m[Kerror: [m[Kcannot convert â€˜[01m[K__gnu_cxx::__alloc_traits<std::allocator<double>, double>::value_type*[m[Kâ€™ {aka â€˜[01m[Kdouble*[m[Kâ€™} to â€˜[01m[Kdouble[m[Kâ€™
[12.712s]   199 |   hw_cmd_pub_->publishData(&hw_commands_[0], &hw_commands_[1]);  //publish to topic
[12.712s] [01m[K/home/ice/polaris-bot/ros2_ws/src/polaris_controller/hardware/polaris_system.cpp:38:45:[m[K [01;36m[Knote: [m[K  initializing argument 1 of â€˜[01m[Kvoid polaris_controller::HardwareCommandPub::publishData(double, double)[m[Kâ€™
[12.712s]    38 | void HardwareCommandPub::publishData([01;36m[Kdouble right_motor_speed[m[K, double left_motor_speed)
[12.713s]       |                                      [01;36m[K~~~~~~~^~~~~~~~~~~~~~~~~[m[K
[16.261s] gmake[2]: *** [CMakeFiles/polaris_controller.dir/build.make:76: CMakeFiles/polaris_controller.dir/hardware/polaris_system.cpp.o] Error 1
[16.266s] gmake[1]: *** [CMakeFiles/Makefile2:137: CMakeFiles/polaris_controller.dir/all] Error 2
[16.266s] gmake: *** [Makefile:146: all] Error 2
[16.273s] Invoked command in '/home/ice/polaris-bot/ros2_ws/build/polaris_controller' returned '2': AMENT_PREFIX_PATH=/home/ice/polaris-bot/ros2_ws/install/ros2_control_demo_description:/home/ice/polaris-bot/ros2_ws/install/messages:${AMENT_PREFIX_PATH} CMAKE_PREFIX_PATH=/home/ice/polaris-bot/ros2_ws/install/ros2_control_demo_description:/home/ice/polaris-bot/ros2_ws/install/messages:/opt/ros/humble LD_LIBRARY_PATH=/home/ice/polaris-bot/ros2_ws/install/messages/lib:${LD_LIBRARY_PATH} PYTHONPATH=/home/ice/polaris-bot/ros2_ws/install/messages/local/lib/python3.10/dist-packages:${PYTHONPATH} /usr/bin/cmake --build /home/ice/polaris-bot/ros2_ws/build/polaris_controller -- -j2 -l2
