[35m[1mConsolidate compiler generated dependencies of target polaris_controller[0m
[ 50%] [32mBuilding CXX object CMakeFiles/polaris_controller.dir/hardware/polaris_system.cpp.o[0m
[01m[K/home/ice/polaris-bot/ros2_ws/src/polaris_controller/hardware/polaris_system.cpp:[m[K In member function â€˜[01m[Kvirtual hardware_interface::CallbackReturn polaris_controller::PolarisSystemHardware::on_init(const hardware_interface::HardwareInfo&)[m[Kâ€™:
[01m[K/home/ice/polaris-bot/ros2_ws/src/polaris_controller/hardware/polaris_system.cpp:77:50:[m[K [01;31m[Kerror: [m[Kexpected â€˜[01m[K;[m[Kâ€™ before â€˜[01m[Ktopic_based_joint_commands_publisher_[m[Kâ€™
   77 |   node_ = rclcpp::Node::make_shared("_", options)
      |                                                  [01;31m[K^[m[K
      |                                                  [32m[K;[m[K
   78 | 
   79 |   [32m[Ktopic_based_joint_commands_publisher_[m[K = node_->create_publisher<sensor_msgs::msg::JointState>(
      |   [32m[K~~~~~~~~~~~~~~~~~~~~~~~~~~~~~~~~~~~~~[m[K           
[01m[K/home/ice/polaris-bot/ros2_ws/src/polaris_controller/hardware/polaris_system.cpp:82:7:[m[K [01;31m[Kerror: [m[Kâ€˜[01m[Kget_hardware_parameter[m[Kâ€™ was not declared in this scope
   82 |       [01;31m[Kget_hardware_parameter[m[K("joint_states_topic", "/robot_joint_states"), rclcpp::SensorDataQoS(),
      |       [01;31m[K^~~~~~~~~~~~~~~~~~~~~~[m[K
[01m[K/home/ice/polaris-bot/ros2_ws/src/polaris_controller/hardware/polaris_system.cpp:[m[K In member function â€˜[01m[Kvirtual hardware_interface::return_type polaris_controller::PolarisSystemHardware::write(const rclcpp::Time&, const rclcpp::Duration&)[m[Kâ€™:
[01m[K/home/ice/polaris-bot/ros2_ws/src/polaris_controller/hardware/polaris_system.cpp:215:50:[m[K [01;31m[Kerror: [m[Kâ€˜[01m[Kjoint_state[m[Kâ€™ was not declared in this scope; did you mean â€˜[01m[Kget_state[m[Kâ€™?
  215 |   topic_based_joint_commands_publisher_->publish([01;31m[Kjoint_state[m[K);
      |                                                  [01;31m[K^~~~~~~~~~~[m[K
      |                                                  [32m[Kget_state[m[K
gmake[2]: *** [CMakeFiles/polaris_controller.dir/build.make:76: CMakeFiles/polaris_controller.dir/hardware/polaris_system.cpp.o] Error 1
gmake[1]: *** [CMakeFiles/Makefile2:137: CMakeFiles/polaris_controller.dir/all] Error 2
gmake: *** [Makefile:146: all] Error 2
