[01m[K/home/ice/polaris-bot/ros2_ws/src/polaris_controller/hardware/polaris_system.cpp:[m[K In function â€˜[01m[Kvoid polaris_controller::subCallback(messages::msg::EncoderFeedBack_<std::allocator<void> >::SharedPtr)[m[Kâ€™:
[01m[K/home/ice/polaris-bot/ros2_ws/src/polaris_controller/hardware/polaris_system.cpp:49:51:[m[K [01;31m[Kerror: [m[Kâ€˜[01m[Ktime_[m[Kâ€™ was not declared in this scope; did you mean â€˜[01m[Ktimex[m[Kâ€™?
   49 | ion<double> diff = new_time - [01;31m[Ktime_[m[K;
      |                               [01;31m[K^~~~~[m[K
      |                               [32m[Ktimex[m[K
[01m[K/home/ice/polaris-bot/ros2_ws/src/polaris_controller/hardware/polaris_system.cpp:54:21:[m[K [01;31m[Kerror: [m[Kâ€˜[01m[Khw_positions_[m[Kâ€™ was not declared in this scope
   54 |   double pos_prev = [01;31m[Khw_positions_[m[K[0];
      |                     [01;31m[K^~~~~~~~~~~~~[m[K
[01m[K/home/ice/polaris-bot/ros2_ws/src/polaris_controller/hardware/polaris_system.cpp:57:3:[m[K [01;31m[Kerror: [m[Kâ€˜[01m[Khw_velocities_[m[Kâ€™ was not declared in this scope
   57 |   [01;31m[Khw_velocities_[m[K[0] = (hw_positions_[0] - pos_prev) / deltaSeconds;
      |   [01;31m[K^~~~~~~~~~~~~~[m[K
[01m[K/home/ice/polaris-bot/ros2_ws/src/polaris_controller/hardware/polaris_system.cpp:59:10:[m[K [01;31m[Kerror: [m[Kredeclaration of â€˜[01m[Kdouble pos_prev[m[Kâ€™
   59 |   double [01;31m[Kpos_prev[m[K = hw_positions_[1];
      |          [01;31m[K^~~~~~~~[m[K
[01m[K/home/ice/polaris-bot/ros2_ws/src/polaris_controller/hardware/polaris_system.cpp:54:10:[m[K [01;36m[Knote: [m[Kâ€˜[01m[Kdouble pos_prev[m[Kâ€™ previously declared here
   54 |   double [01;36m[Kpos_prev[m[K = hw_positions_[0];
      |          [01;36m[K^~~~~~~~[m[K
[01m[K/home/ice/polaris-bot/ros2_ws/src/polaris_controller/hardware/polaris_system.cpp:[m[K In member function â€˜[01m[Kvirtual hardware_interface::CallbackReturn polaris_controller::PolarisSystemHardware::on_init(const hardware_interface::HardwareInfo&)[m[Kâ€™:
[01m[K/home/ice/polaris-bot/ros2_ws/src/polaris_controller/hardware/polaris_system.cpp:95:3:[m[K [01;31m[Kerror: [m[Kâ€˜[01m[Kcmd_vel_publisher_[m[Kâ€™ was not declared in this scope
   95 |   [01;31m[Kcmd_vel_publisher_[m[K = node_->create_publisher<messages::msg::MotorRobotSpeed>(
      |   [01;31m[K^~~~~~~~~~~~~~~~~~[m[K
[01m[K/home/ice/polaris-bot/ros2_ws/src/polaris_controller/hardware/polaris_system.cpp:96:7:[m[K [01;31m[Kerror: [m[Kâ€˜[01m[Kget_hardware_parameter[m[Kâ€™ was not declared in this scope
   96 |       [01;31m[Kget_hardware_parameter[m[K("joint_commands_topic", "/robot_joint_commands"), rclcpp::QoS(1));
      |       [01;31m[K^~~~~~~~~~~~~~~~~~~~~~[m[K
[01m[K/home/ice/polaris-bot/ros2_ws/src/polaris_controller/hardware/polaris_system.cpp:97:3:[m[K [01;31m[Kerror: [m[Kâ€˜[01m[Ktopic_based_joint_states_subscriber_[m[Kâ€™ was not declared in this scope
   97 |   [01;31m[Ktopic_based_joint_states_subscriber_[m[K = node_->create_subscription<messages::msg::EncoderFeedBack>(
      |   [01;31m[K^~~~~~~~~~~~~~~~~~~~~~~~~~~~~~~~~~~~[m[K
[01m[K/home/ice/polaris-bot/ros2_ws/src/polaris_controller/hardware/polaris_system.cpp:[m[K In member function â€˜[01m[Kvirtual hardware_interface::return_type polaris_controller::PolarisSystemHardware::write(const rclcpp::Time&, const rclcpp::Duration&)[m[Kâ€™:
[01m[K/home/ice/polaris-bot/ros2_ws/src/polaris_controller/hardware/polaris_system.cpp:231:3:[m[K [01;31m[Kerror: [m[Kâ€˜[01m[Khw_cmd_pub_[m[Kâ€™ was not declared in this scope
  231 |   [01;31m[Khw_cmd_pub_[m[K->publishData(hw_commands_[0], hw_commands_[1]);  //publish to topic
      |   [01;31m[K^~~~~~~~~~~[m[K
gmake[2]: *** [CMakeFiles/polaris_controller.dir/build.make:76: CMakeFiles/polaris_controller.dir/hardware/polaris_system.cpp.o] Error 1
gmake[1]: *** [CMakeFiles/Makefile2:137: CMakeFiles/polaris_controller.dir/all] Error 2
gmake: *** [Makefile:146: all] Error 2
